{"C:\\Users\\janpe\\Documents\\Dev\\Gemini-Hub\\GitHub\\domain-checker\\server\\api\\checkDomains.post.ts": {"path":"C:\\Users\\janpe\\Documents\\Dev\\Gemini-Hub\\GitHub\\domain-checker\\server\\api\\checkDomains.post.ts","statementMap":{"0":{"start":{"line":5,"column":26},"end":{"line":5,"column":null}},"1":{"start":{"line":6,"column":29},"end":{"line":6,"column":null}},"2":{"start":{"line":7,"column":31},"end":{"line":7,"column":null}},"3":{"start":{"line":11,"column":15},"end":{"line":11,"column":null}},"4":{"start":{"line":13,"column":21},"end":{"line":13,"column":null}},"5":{"start":{"line":14,"column":15},"end":{"line":14,"column":null}},"6":{"start":{"line":17,"column":2},"end":{"line":19,"column":null}},"7":{"start":{"line":18,"column":4},"end":{"line":18,"column":null}},"8":{"start":{"line":22,"column":2},"end":{"line":27,"column":null}},"9":{"start":{"line":23,"column":4},"end":{"line":26,"column":null}},"10":{"start":{"line":30,"column":2},"end":{"line":32,"column":null}},"11":{"start":{"line":30,"column":47},"end":{"line":30,"column":70}},"12":{"start":{"line":31,"column":4},"end":{"line":31,"column":null}},"13":{"start":{"line":35,"column":2},"end":{"line":40,"column":null}},"14":{"start":{"line":36,"column":4},"end":{"line":39,"column":null}},"15":{"start":{"line":43,"column":23},"end":{"line":43,"column":null}},"16":{"start":{"line":43,"column":51},"end":{"line":43,"column":61}},"17":{"start":{"line":44,"column":2},"end":{"line":49,"column":null}},"18":{"start":{"line":45,"column":4},"end":{"line":48,"column":null}},"19":{"start":{"line":51,"column":2},"end":{"line":57,"column":null}},"20":{"start":{"line":52,"column":27},"end":{"line":52,"column":null}},"21":{"start":{"line":53,"column":19},"end":{"line":53,"column":null}},"22":{"start":{"line":54,"column":4},"end":{"line":54,"column":null}},"23":{"start":{"line":56,"column":4},"end":{"line":56,"column":null}},"24":{"start":{"line":62,"column":2},"end":{"line":62,"column":null}},"25":{"start":{"line":62,"column":25},"end":{"line":62,"column":46}},"26":{"start":{"line":66,"column":2},"end":{"line":97,"column":null}},"27":{"start":{"line":67,"column":21},"end":{"line":73,"column":null}},"28":{"start":{"line":77,"column":4},"end":{"line":90,"column":null}},"29":{"start":{"line":79,"column":26},"end":{"line":85,"column":null}},"30":{"start":{"line":87,"column":6},"end":{"line":89,"column":null}},"31":{"start":{"line":88,"column":8},"end":{"line":88,"column":null}},"32":{"start":{"line":93,"column":4},"end":{"line":93,"column":null}},"33":{"start":{"line":96,"column":4},"end":{"line":96,"column":null}},"34":{"start":{"line":101,"column":18},"end":{"line":101,"column":null}},"35":{"start":{"line":102,"column":2},"end":{"line":104,"column":null}}},"fnMap":{"0":{"name":"(anonymous_0)","decl":{"start":{"line":9,"column":34},"end":{"line":9,"column":41}},"loc":{"start":{"line":9,"column":51},"end":{"line":58,"column":1}},"line":9},"1":{"name":"(anonymous_1)","decl":{"start":{"line":30,"column":40},"end":{"line":30,"column":47}},"loc":{"start":{"line":30,"column":47},"end":{"line":30,"column":70}},"line":30},"2":{"name":"(anonymous_2)","decl":{"start":{"line":43,"column":44},"end":{"line":43,"column":51}},"loc":{"start":{"line":43,"column":51},"end":{"line":43,"column":61}},"line":43},"3":{"name":"generateDomainList","decl":{"start":{"line":61,"column":16},"end":{"line":61,"column":35}},"loc":{"start":{"line":61,"column":81},"end":{"line":63,"column":null}},"line":61},"4":{"name":"(anonymous_4)","decl":{"start":{"line":62,"column":18},"end":{"line":62,"column":25}},"loc":{"start":{"line":62,"column":25},"end":{"line":62,"column":46}},"line":62},"5":{"name":"checkDomainAvailability","decl":{"start":{"line":65,"column":22},"end":{"line":65,"column":46}},"loc":{"start":{"line":65,"column":85},"end":{"line":98,"column":null}},"line":65},"6":{"name":"checkDomains","decl":{"start":{"line":100,"column":22},"end":{"line":100,"column":35}},"loc":{"start":{"line":100,"column":78},"end":{"line":105,"column":null}},"line":100}},"branchMap":{"0":{"loc":{"start":{"line":14,"column":15},"end":{"line":14,"column":null}},"type":"cond-expr","locations":[{"start":{"line":14,"column":27},"end":{"line":14,"column":39}},{"start":{"line":14,"column":39},"end":{"line":14,"column":null}}],"line":14},"1":{"loc":{"start":{"line":17,"column":2},"end":{"line":19,"column":null}},"type":"if","locations":[{"start":{"line":17,"column":2},"end":{"line":19,"column":null}},{"start":{},"end":{}}],"line":17},"2":{"loc":{"start":{"line":17,"column":6},"end":{"line":17,"column":53}},"type":"binary-expr","locations":[{"start":{"line":17,"column":6},"end":{"line":17,"column":21}},{"start":{"line":17,"column":21},"end":{"line":17,"column":53}}],"line":17},"3":{"loc":{"start":{"line":22,"column":2},"end":{"line":27,"column":null}},"type":"if","locations":[{"start":{"line":22,"column":2},"end":{"line":27,"column":null}},{"start":{},"end":{}}],"line":22},"4":{"loc":{"start":{"line":30,"column":2},"end":{"line":32,"column":null}},"type":"if","locations":[{"start":{"line":30,"column":2},"end":{"line":32,"column":null}},{"start":{},"end":{}}],"line":30},"5":{"loc":{"start":{"line":30,"column":6},"end":{"line":30,"column":73}},"type":"binary-expr","locations":[{"start":{"line":30,"column":6},"end":{"line":30,"column":30}},{"start":{"line":30,"column":30},"end":{"line":30,"column":73}}],"line":30},"6":{"loc":{"start":{"line":35,"column":2},"end":{"line":40,"column":null}},"type":"if","locations":[{"start":{"line":35,"column":2},"end":{"line":40,"column":null}},{"start":{},"end":{}}],"line":35},"7":{"loc":{"start":{"line":44,"column":2},"end":{"line":49,"column":null}},"type":"if","locations":[{"start":{"line":44,"column":2},"end":{"line":49,"column":null}},{"start":{},"end":{}}],"line":44},"8":{"loc":{"start":{"line":77,"column":4},"end":{"line":90,"column":null}},"type":"if","locations":[{"start":{"line":77,"column":4},"end":{"line":90,"column":null}},{"start":{},"end":{}}],"line":77},"9":{"loc":{"start":{"line":77,"column":8},"end":{"line":77,"column":101}},"type":"binary-expr","locations":[{"start":{"line":77,"column":8},"end":{"line":77,"column":34}},{"start":{"line":77,"column":34},"end":{"line":77,"column":59}},{"start":{"line":77,"column":59},"end":{"line":77,"column":79}},{"start":{"line":77,"column":79},"end":{"line":77,"column":101}}],"line":77},"10":{"loc":{"start":{"line":87,"column":6},"end":{"line":89,"column":null}},"type":"if","locations":[{"start":{"line":87,"column":6},"end":{"line":89,"column":null}},{"start":{},"end":{}}],"line":87},"11":{"loc":{"start":{"line":87,"column":10},"end":{"line":87,"column":115}},"type":"binary-expr","locations":[{"start":{"line":87,"column":10},"end":{"line":87,"column":39}},{"start":{"line":87,"column":39},"end":{"line":87,"column":67}},{"start":{"line":87,"column":67},"end":{"line":87,"column":90}},{"start":{"line":87,"column":90},"end":{"line":87,"column":115}}],"line":87}},"s":{"0":1,"1":1,"2":1,"3":9,"4":9,"5":9,"6":9,"7":3,"8":6,"9":2,"10":4,"11":103,"12":2,"13":2,"14":1,"15":1,"16":1,"17":1,"18":0,"19":1,"20":1,"21":1,"22":1,"23":0,"24":2,"25":3,"26":5,"27":5,"28":4,"29":3,"30":3,"31":3,"32":1,"33":1,"34":2,"35":2},"f":{"0":9,"1":103,"2":1,"3":2,"4":3,"5":5,"6":2},"b":{"0":[8,1],"1":[3,6],"2":[9,6],"3":[2,4],"4":[2,2],"5":[4,3],"6":[1,1],"7":[0,1],"8":[3,1],"9":[4,1,1,0],"10":[3,0],"11":[3,0,0,0]},"meta":{"lastBranch":12,"lastFunction":7,"lastStatement":36,"seen":{"s:5:26:5:Infinity":0,"s:6:29:6:Infinity":1,"s:7:31:7:Infinity":2,"f:9:34:9:41":0,"s:11:15:11:Infinity":3,"s:13:21:13:Infinity":4,"s:14:15:14:Infinity":5,"b:14:27:14:39:14:39:14:Infinity":0,"b:17:2:19:Infinity:undefined:undefined:undefined:undefined":1,"s:17:2:19:Infinity":6,"b:17:6:17:21:17:21:17:53":2,"s:18:4:18:Infinity":7,"b:22:2:27:Infinity:undefined:undefined:undefined:undefined":3,"s:22:2:27:Infinity":8,"s:23:4:26:Infinity":9,"b:30:2:32:Infinity:undefined:undefined:undefined:undefined":4,"s:30:2:32:Infinity":10,"b:30:6:30:30:30:30:30:73":5,"f:30:40:30:47":1,"s:30:47:30:70":11,"s:31:4:31:Infinity":12,"b:35:2:40:Infinity:undefined:undefined:undefined:undefined":6,"s:35:2:40:Infinity":13,"s:36:4:39:Infinity":14,"s:43:23:43:Infinity":15,"f:43:44:43:51":2,"s:43:51:43:61":16,"b:44:2:49:Infinity:undefined:undefined:undefined:undefined":7,"s:44:2:49:Infinity":17,"s:45:4:48:Infinity":18,"s:51:2:57:Infinity":19,"s:52:27:52:Infinity":20,"s:53:19:53:Infinity":21,"s:54:4:54:Infinity":22,"s:56:4:56:Infinity":23,"f:61:16:61:35":3,"s:62:2:62:Infinity":24,"f:62:18:62:25":4,"s:62:25:62:46":25,"f:65:22:65:46":5,"s:66:2:97:Infinity":26,"s:67:21:73:Infinity":27,"b:77:4:90:Infinity:undefined:undefined:undefined:undefined":8,"s:77:4:90:Infinity":28,"b:77:8:77:34:77:34:77:59:77:59:77:79:77:79:77:101":9,"s:79:26:85:Infinity":29,"b:87:6:89:Infinity:undefined:undefined:undefined:undefined":10,"s:87:6:89:Infinity":30,"b:87:10:87:39:87:39:87:67:87:67:87:90:87:90:87:115":11,"s:88:8:88:Infinity":31,"s:93:4:93:Infinity":32,"s:96:4:96:Infinity":33,"f:100:22:100:35":6,"s:101:18:101:Infinity":34,"s:102:2:104:Infinity":35}}}
,"C:\\Users\\janpe\\Documents\\Dev\\Gemini-Hub\\GitHub\\domain-checker\\server\\api\\getTlds.post.ts": {"path":"C:\\Users\\janpe\\Documents\\Dev\\Gemini-Hub\\GitHub\\domain-checker\\server\\api\\getTlds.post.ts","statementMap":{"0":{"start":{"line":7,"column":19},"end":{"line":7,"column":null}},"1":{"start":{"line":10,"column":22},"end":{"line":10,"column":null}},"2":{"start":{"line":11,"column":26},"end":{"line":11,"column":null}},"3":{"start":{"line":14,"column":15},"end":{"line":14,"column":null}},"4":{"start":{"line":17,"column":17},"end":{"line":17,"column":null}},"5":{"start":{"line":18,"column":2},"end":{"line":20,"column":null}},"6":{"start":{"line":19,"column":4},"end":{"line":19,"column":null}},"7":{"start":{"line":23,"column":21},"end":{"line":23,"column":null}},"8":{"start":{"line":26,"column":2},"end":{"line":31,"column":null}},"9":{"start":{"line":27,"column":34},"end":{"line":27,"column":null}},"10":{"start":{"line":28,"column":4},"end":{"line":30,"column":null}},"11":{"start":{"line":29,"column":6},"end":{"line":29,"column":null}},"12":{"start":{"line":29,"column":48},"end":{"line":29,"column":70}},"13":{"start":{"line":34,"column":2},"end":{"line":40,"column":null}},"14":{"start":{"line":36,"column":24},"end":{"line":36,"column":null}},"15":{"start":{"line":37,"column":4},"end":{"line":39,"column":null}},"16":{"start":{"line":38,"column":6},"end":{"line":38,"column":null}},"17":{"start":{"line":44,"column":19},"end":{"line":46,"column":null}},"18":{"start":{"line":46,"column":16},"end":{"line":46,"column":68}},"19":{"start":{"line":48,"column":2},"end":{"line":48,"column":null}}},"fnMap":{"0":{"name":"(anonymous_0)","decl":{"start":{"line":13,"column":34},"end":{"line":13,"column":41}},"loc":{"start":{"line":13,"column":51},"end":{"line":49,"column":1}},"line":13},"1":{"name":"(anonymous_1)","decl":{"start":{"line":29,"column":41},"end":{"line":29,"column":48}},"loc":{"start":{"line":29,"column":48},"end":{"line":29,"column":70}},"line":29},"2":{"name":"(anonymous_2)","decl":{"start":{"line":37,"column":39},"end":{"line":37,"column":null}},"loc":{"start":{"line":38,"column":6},"end":{"line":38,"column":null}},"line":38},"3":{"name":"(anonymous_3)","decl":{"start":{"line":46,"column":9},"end":{"line":46,"column":16}},"loc":{"start":{"line":46,"column":16},"end":{"line":46,"column":68}},"line":46}},"branchMap":{"0":{"loc":{"start":{"line":17,"column":17},"end":{"line":17,"column":null}},"type":"binary-expr","locations":[{"start":{"line":17,"column":17},"end":{"line":17,"column":35}},{"start":{"line":17,"column":35},"end":{"line":17,"column":null}}],"line":17},"1":{"loc":{"start":{"line":18,"column":2},"end":{"line":20,"column":null}},"type":"if","locations":[{"start":{"line":18,"column":2},"end":{"line":20,"column":null}},{"start":{},"end":{}}],"line":18},"2":{"loc":{"start":{"line":18,"column":6},"end":{"line":18,"column":51}},"type":"binary-expr","locations":[{"start":{"line":18,"column":6},"end":{"line":18,"column":25}},{"start":{"line":18,"column":25},"end":{"line":18,"column":51}}],"line":18},"3":{"loc":{"start":{"line":26,"column":2},"end":{"line":31,"column":null}},"type":"if","locations":[{"start":{"line":26,"column":2},"end":{"line":31,"column":null}},{"start":{},"end":{}}],"line":26},"4":{"loc":{"start":{"line":28,"column":4},"end":{"line":30,"column":null}},"type":"if","locations":[{"start":{"line":28,"column":4},"end":{"line":30,"column":null}},{"start":{},"end":{}}],"line":28},"5":{"loc":{"start":{"line":34,"column":2},"end":{"line":40,"column":null}},"type":"if","locations":[{"start":{"line":34,"column":2},"end":{"line":40,"column":null}},{"start":{},"end":{}}],"line":34},"6":{"loc":{"start":{"line":34,"column":6},"end":{"line":34,"column":44}},"type":"binary-expr","locations":[{"start":{"line":34,"column":6},"end":{"line":34,"column":21}},{"start":{"line":34,"column":21},"end":{"line":34,"column":44}}],"line":34},"7":{"loc":{"start":{"line":46,"column":16},"end":{"line":46,"column":68}},"type":"cond-expr","locations":[{"start":{"line":46,"column":43},"end":{"line":46,"column":54}},{"start":{"line":46,"column":54},"end":{"line":46,"column":68}}],"line":46}},"s":{"0":1,"1":1,"2":1,"3":7,"4":7,"5":7,"6":2,"7":7,"8":7,"9":2,"10":2,"11":1,"12":525,"13":7,"14":1,"15":1,"16":525,"17":7,"18":2072,"19":7},"f":{"0":7,"1":525,"2":525,"3":2072},"b":{"0":[7,3],"1":[2,5],"2":[7,6],"3":[2,5],"4":[1,1],"5":[1,6],"6":[7,1],"7":[2072,0]},"meta":{"lastBranch":8,"lastFunction":4,"lastStatement":20,"seen":{"s:7:19:7:Infinity":0,"s:10:22:10:Infinity":1,"s:11:26:11:Infinity":2,"f:13:34:13:41":0,"s:14:15:14:Infinity":3,"s:17:17:17:Infinity":4,"b:17:17:17:35:17:35:17:Infinity":0,"b:18:2:20:Infinity:undefined:undefined:undefined:undefined":1,"s:18:2:20:Infinity":5,"b:18:6:18:25:18:25:18:51":2,"s:19:4:19:Infinity":6,"s:23:21:23:Infinity":7,"b:26:2:31:Infinity:undefined:undefined:undefined:undefined":3,"s:26:2:31:Infinity":8,"s:27:34:27:Infinity":9,"b:28:4:30:Infinity:undefined:undefined:undefined:undefined":4,"s:28:4:30:Infinity":10,"s:29:6:29:Infinity":11,"f:29:41:29:48":1,"s:29:48:29:70":12,"b:34:2:40:Infinity:undefined:undefined:undefined:undefined":5,"s:34:2:40:Infinity":13,"b:34:6:34:21:34:21:34:44":6,"s:36:24:36:Infinity":14,"s:37:4:39:Infinity":15,"f:37:39:37:Infinity":2,"s:38:6:38:Infinity":16,"s:44:19:46:Infinity":17,"f:46:9:46:16":3,"s:46:16:46:68":18,"b:46:43:46:54:46:54:46:68":7,"s:48:2:48:Infinity":19}}}
}
